[www.mrmacmaths.com/index.html]
[static.wixstatic.com/media/6742e0_37f5dd9912504526af152e4aeff75c76_mv2.jpg/v1/fill/w_192,h_192,lg_1,usm_0.66_1.00_0.01/6742e0_37f5dd9912504526af152e4aeff75c76_mv2.jpg]
[static.wixstatic.com/media/6742e0_37f5dd9912504526af152e4aeff75c76_mv2.jpg/v1/fill/w_32,h_32,lg_1,usm_0.66_1.00_0.01/6742e0_37f5dd9912504526af152e4aeff75c76_mv2.jpg]
[static.wixstatic.com/media/6742e0_37f5dd9912504526af152e4aeff75c76_mv2.jpg/v1/fill/w_180,h_180,lg_1,usm_0.66_1.00_0.01/6742e0_37f5dd9912504526af152e4aeff75c76_mv2.jpg]
[static.parastorage.com/unpkg/core-js-bundle@3.2.1/minified.js]
[static.parastorage.com/unpkg/focus-within-polyfill@5.0.9/dist/focus-within-polyfill.js]
[backblue.gif]
[fade.gif]
[index.html]
[polyfill-fastly.io/v3/polyfill.mind82c.js]
[www.mrmacmaths.com/c.6.delayed]
[www.mrmacmaths.com/t.7.delayed]
[static.wixstatic.com/media/6742e0_090d2b270eb643d2a51950b1f1a4082b_mv2.png/v1/fill/w_115,h_115,al_c,q_85,usm_0.66_1.00_0.01,blur_3/6742e0_090d2b270eb643d2a51950b1f1a4082b_mv2.png]
[www.mrmacmaths.com/purchase-notes.html]
[www.mrmacmaths.com/coursemenu.html]
[www.mrmacmaths.com/a-and-a.html]
[www.mrmacmaths.com/a-i.html]
[www.mrmacmaths.com/algebra.html]
[www.mrmacmaths.com/functions.html]
[www.mrmacmaths.com/trigononmetry.html]
[www.mrmacmaths.com/statistics.html]
[www.mrmacmaths.com/calculus.html]
[www.mrmacmaths.com/a-i-algebra.html]
[www.mrmacmaths.com/a-i-functions.html]
[www.mrmacmaths.com/a-i-trig-geom.html]
[www.mrmacmaths.com/a-i-statistics.html]
[www.mrmacmaths.com/a-i-calculus.html]
[www.mrmacmaths.com/videos.html]
[static.parastorage.com/services/wix-thunderbolt/dist/8875.e26292eb.bundle.min.js]
[browser.sentry-cdn.com/6.18.2/bundle.min.js]
[www.mrmacmaths.com/robots.txt]
[www.mrmacmaths.com/sitemap.xml]
[www.mrmacmaths.com/feed.1c.delayed]
[static.parastorage.com/services/wix-thunderbolt/dist/thunderbolt-commons.b7a35b00.bundle.min.js]
[static.parastorage.com/services/wix-thunderbolt/dist/main.d98de0fd.bundle.min.js]
[static.parastorage.com/services/wix-thunderbolt/dist/main.renderer.1d21f023.bundle.min.js]
[static.parastorage.com/unpkg/lodash@4.17.21/lodash.min.js]
[static.parastorage.com/unpkg/react@18.3.1/umd/react.production.min.js]
[static.parastorage.com/unpkg/react-dom@18.3.1/umd/react-dom.production.min.js]
[static.parastorage.com/services/wix-thunderbolt/dist/browser-deprecation.bundle.es5.js]
[www.mrmacmaths.com/decodeURIComponent(e.24.delayed]
[www.mrmacmaths.com/index.html]
[www.mrmacmaths.com/c.html]
[www.mrmacmaths.com/t.html]
[www.mrmacmaths.com/purchase-notes.html]
[static.parastorage.com/services/tag-manager-client/1.875.0/siteTags.bundle.min.js]
[www.mrmacmaths.com/coursemenu.html]
[www.mrmacmaths.com/a-and-a.html]
[www.mrmacmaths.com/a-i.html]
[static.wixstatic.com/media/6742e0_6c3cbe8467e74df38c1d9627dc6f0e71_mv2.jpg/v1/fill/w_740,h_1060,al_c,q_85,usm_0.66_1.00_0.01,enc_avif,quality_auto/pg1 A&A HL - Topic 1 - Algebra Notes.jpg]
[static.wixstatic.com/media/6742e0_3e14476f306f4cfea26d9fce78d069b6_mv2.jpg/v1/fill/w_133,h_188,al_c,q_80,usm_0.66_1.00_0.01,blur_2,enc_avif,quality_auto/pg2 A&A HL - Topic 1 - Algebra Notes.jpg]
[static.wixstatic.com/media/6742e0_59979c20af704862a1940cfcbf1ac829_mv2.png/v1/fill/w_59,h_71,al_c,q_85,usm_0.66_1.00_0.01,blur_2,enc_avif,quality_auto/Screenshot 2020-03-31 at 22_01_26.png]
[static.wixstatic.com/media/6742e0_305d59e9a2a6444a8fa0183063fb5c92_mv2.png/v1/fill/w_59,h_71,al_c,q_85,usm_0.66_1.00_0.01,blur_2,enc_avif,quality_auto/Screenshot 2020-03-31 at 22_01_47.png]
[static.wixstatic.com/media/6742e0_a5458ece7fb448b8b5cc943acc009179_mv2.jpg/v1/fill/w_133,h_188,al_c,q_80,usm_0.66_1.00_0.01,blur_2,enc_avif,quality_auto/pg3 A&A HL - Topic 1 - Algebra Notes.jpg]
[static.wixstatic.com/media/6742e0_e92c2a1d06b24f52a2fb0ae7e177913c_mv2.jpg/v1/fill/w_133,h_188,al_c,q_80,usm_0.66_1.00_0.01,blur_2,enc_avif,quality_auto/pg4 A&A HL - Topic 1 - Algebra Notes.jpg]
[static.wixstatic.com/media/6742e0_71dfcfebd0e241f8b44be7581d429420_mv2.jpg/v1/fill/w_133,h_188,al_c,q_80,usm_0.66_1.00_0.01,blur_2,enc_avif,quality_auto/pg5 A&A HL - Topic 1 - Algebra Notes.jpg]
[static.wixstatic.com/media/6742e0_1c1367a1066c4dce85d8dacb25598188_mv2.jpg/v1/fill/w_133,h_188,al_c,q_80,usm_0.66_1.00_0.01,blur_2,enc_avif,quality_auto/pg6 A&A HL - Topic 1 - Algebra Notes.jpg]
[static.wixstatic.com/media/6742e0_fb8d0950fad74e898bedb2447a0f74bc_mv2.jpg/v1/crop/x_4,y_282,w_1559,h_2085/fill/w_102,h_136,al_c,q_80,usm_0.66_1.00_0.01,blur_2/AASL - Exponent Posters G.2d.delay]
[static.wixstatic.com/media/6742e0_1cf35068a94d43e1a8aacac0f18f4435_mv2.jpg/v1/crop/x_0,y_2,w_1751,h_752/fill/w_109,h_47,al_c,q_80,usm_0.66_1.00_0.01,blur_2,/AASL - Exponent Posters Answers.2f.de]
[static.wixstatic.com/media/6742e0_6fab9833fa914f7e87bfa03bfa84164b_mv2.jpg/v1/fill/w_133,h_188,al_c,q_80,usm_0.66_1.00_0.01,blur_2,enc_avif,quality_auto/pg7 A&A HL - Topic 1 - Algebra Notes.jpg]
[static.wixstatic.com/media/6742e0_750b9b1836da433b85f7f032808cf826_mv2.jpg/v1/fill/w_133,h_188,al_c,q_80,usm_0.66_1.00_0.01,blur_2,enc_avif,quality_auto/pg8 A&A HL - Topic 1 - Algebra Notes.jpg]
[static.wixstatic.com/media/6742e0_9ed623c525f641b0b92c8a37e71b85c6_mv2.jpg/v1/crop/x_69,y_264,w_1541,h_2043/fill/w_103,h_136,al_c,q_80,usm_0.66_1.00_0.01,blur_2/AASL - Exponent Posters B.2e.dela]
[static.wixstatic.com/media/6742e0_2d99a76c153f4f8b9138cfbb6dc56157_mv2.jpg/v1/fill/w_104,h_74,al_c,q_80,usm_0.66_1.00_0.01,blur_2,enc_avif,quality_auto/AA - Logs GBB Posters G.jpg]
[static.wixstatic.com/media/6742e0_cc5906a103aa4e2096e207f6b0bb2e2f_mv2.jpg/v1/fill/w_104,h_74,al_c,q_80,usm_0.66_1.00_0.01,blur_2,enc_avif,quality_auto/AA - Logs GBB Posters Blue.jpg]
[static.wixstatic.com/media/6742e0_91415e07b1a24c4b911a2e95bfaa2296_mv2.jpg/v1/fill/w_104,h_74,al_c,q_80,usm_0.66_1.00_0.01,blur_2,enc_avif,quality_auto/AA - Logs GBB Posters Black.jpg]
[static.wixstatic.com/media/6742e0_c5f5866df37a4935973aa4c79664f41e_mv2.jpg/v1/crop/x_0,y_0,w_1753,h_1203/fill/w_94,h_65,al_c,q_80,usm_0.66_1.00_0.01,blur_2,e/AA - Logs GBB Posters Ans.jpg]
[static.wixstatic.com/media/6742e0_fcb634a789a7449b89795dce344a43e9_mv2.jpg/v1/fill/w_133,h_188,al_c,q_80,usm_0.66_1.00_0.01,blur_2,enc_avif,quality_auto/pg9 A&A HL - Topic 1 - Algebra Notes.jpg]
[static.wixstatic.com/media/6742e0_82895c30e3a24aa39e80a16291e57060_mv2.jpg/v1/fill/w_133,h_188,al_c,q_80,usm_0.66_1.00_0.01,blur_2/pg10 A&A HL - Topic 1 - Algebra Notes_jp.jpg]
[static.wixstatic.com/media/6742e0_01dc1f61e1e74d57b5452dd23f0cd625_mv2.jpg/v1/fill/w_133,h_188,al_c,q_80,usm_0.66_1.00_0.01,blur_2/pg11 A&A HL - Topic 1 - Algebra Notes_jp.jpg]
[static.wixstatic.com/media/6742e0_5cb6a2e43d31425e8f93d3015cb20ec4_mv2.jpg/v1/fill/w_94,h_67,al_c,q_80,usm_0.66_1.00_0.01,blur_2,enc_avif,quality_auto/AASL - Binomial Expansion G.jpg]
[static.wixstatic.com/media/6742e0_84d09b425a2c4392879a7ddc221d2114_mv2.jpg/v1/fill/w_94,h_67,al_c,q_80,usm_0.66_1.00_0.01,blur_2,enc_avif,quality_auto/AASL - Binomial Expansion Blue.jpg]
[static.wixstatic.com/media/6742e0_fdbb7cecf14f4d6fb14dacf5a80c4167_mv2.jpg/v1/fill/w_94,h_67,al_c,q_80,usm_0.66_1.00_0.01,blur_2,enc_avif,quality_auto/AASL - Binomial Expansion Black.jpg]
[static.wixstatic.com/media/6742e0_111f960015f7445a9d97278e7114461a_mv2.jpg/v1/fill/w_133,h_188,al_c,q_80,usm_0.66_1.00_0.01,blur_2/pg12 A&A HL - Topic 1 - Algebra Notes_jp.jpg]
[static.wixstatic.com/media/6742e0_8b5784e572144e2a8812d9ab7e718595_mv2.jpg/v1/fill/w_133,h_188,al_c,q_80,usm_0.66_1.00_0.01,blur_2/pg13 A&A HL - Topic 1 - Algebra Notes_jp.jpg]
[static.wixstatic.com/media/6742e0_dd3b41873c9d4eceb3e630762e9f2ed0_mv2.jpg/v1/crop/x_0,y_59,w_1240,h_1565/fill/w_111,h_140,al_c,q_80,usm_0.66_1.00_0.01,blur_2/AASL - Binomial Expansion Ans.3d.de]
[static.wixstatic.com/media/6742e0_554a471dab8f4614b019ba3eae3438a1_mv2.jpg/v1/fill/w_133,h_188,al_c,q_80,usm_0.66_1.00_0.01,blur_2/pg14 A&A HL - Topic 1 - Algebra Notes_jp.jpg]
[static.wixstatic.com/media/6742e0_27f8eddd20f34c1aab7745d3b252ee54_mv2.jpg/v1/fill/w_133,h_188,al_c,q_80,usm_0.66_1.00_0.01,blur_2/pg15 A&A HL - Topic 1 - Algebra Notes_jp.jpg]
[static.wixstatic.com/media/6742e0_2f4045a46dbf4b81a588fc6eb824ac8c_mv2.jpg/v1/fill/w_133,h_188,al_c,q_80,usm_0.66_1.00_0.01,blur_2/pg17 A&A HL - Topic 1 - Algebra Notes_jp.jpg]
[static.wixstatic.com/media/6742e0_c559169116e04d61bd42f49e022446a4_mv2.jpg/v1/fill/w_133,h_188,al_c,q_80,usm_0.66_1.00_0.01,blur_2/pg18 A&A HL - Topic 1 - Algebra Notes_jp.jpg]
[static.wixstatic.com/media/6742e0_140ae893803143c6a2c8e95e4d8e3160_mv2.jpg/v1/fill/w_133,h_188,al_c,q_80,usm_0.66_1.00_0.01,blur_2/pg19 A&A HL - Topic 1 - Algebra Notes_jp.jpg]
[static.wixstatic.com/media/6742e0_1acaba1e629c46248d3bbd74a04a8fa6_mv2.jpg/v1/fill/w_133,h_188,al_c,q_80,usm_0.66_1.00_0.01,blur_2/pg20 A&A HL - Topic 1 - Algebra Notes_jp.jpg]
[static.wixstatic.com/media/6742e0_d7d89eb7a4134aed9d73414833dba3ef_mv2.jpg/v1/fill/w_133,h_188,al_c,q_80,usm_0.66_1.00_0.01,blur_2/pg21 A&A HL - Topic 1 - Algebra Notes_jp.jpg]
[static.wixstatic.com/media/6742e0_e7a74bda66924b9f859a00985b42592f_mv2.jpg/v1/fill/w_133,h_188,al_c,q_80,usm_0.66_1.00_0.01,blur_2/pg22 A&A HL - Topic 1 - Algebra Notes_jp.jpg]
[static.wixstatic.com/media/6742e0_fa6ce36340114bbe8a6358be61a25acd_mv2.jpg/v1/fill/w_133,h_188,al_c,q_80,usm_0.66_1.00_0.01,blur_2/pg23 A&A HL - Topic 1 - Algebra Notes_jp.jpg]
[static.wixstatic.com/media/6742e0_65540437b84c4a80babb724b655d678e_mv2.jpg/v1/fill/w_133,h_188,al_c,q_80,usm_0.66_1.00_0.01,blur_2/pg24 A&A HL - Topic 1 - Algebra Notes_jp.jpg]
[www.mrmacmaths.com/algebra.html]
[static.wixstatic.com/media/6742e0_382ec90b063f4f4fa9e93507ff9ce69c_mv2.jpg/v1/fill/w_740,h_1060,al_c,q_85,usm_0.66_1.00_0.01,enc_avif,quality_auto/pg1 A&A HL - Topic 2 - Functions Notes_j.jpg]
[static.wixstatic.com/media/6742e0_160c358a22f2445394b543e66464ef4a_mv2.jpg/v1/fill/w_133,h_188,al_c,q_80,usm_0.66_1.00_0.01,blur_2/pg2 A&A HL - Topic 2 - Functions Notes_j.jpg]
[static.wixstatic.com/media/6742e0_5ecc899695314cbe8b9b592efd01aed1_mv2.jpg/v1/fill/w_133,h_188,al_c,q_80,usm_0.66_1.00_0.01,blur_2/pg3 A&A HL - Topic 2 - Functions Notes_j.jpg]
[static.wixstatic.com/media/6742e0_6adc501009ad49ea84479b8328295a4f_mv2.jpg/v1/fill/w_133,h_188,al_c,q_80,usm_0.66_1.00_0.01,blur_2/pg4 A&A HL - Topic 2 - Functions Notes_j.jpg]
[static.wixstatic.com/media/6742e0_947ddf6bfbb6442a8f9a59d8a5c2b41b_mv2.jpg/v1/fill/w_133,h_188,al_c,q_80,usm_0.66_1.00_0.01,blur_2/pg5 A&A HL - Topic 2 - Functions Notes_j.jpg]
[static.wixstatic.com/media/6742e0_6f1e5863f75044f79a3fc079e3fcf197_mv2.jpg/v1/fill/w_133,h_188,al_c,q_80,usm_0.66_1.00_0.01,blur_2/pg6 A&A HL - Topic 2 - Functions Notes_j.jpg]
[static.wixstatic.com/media/6742e0_5613fe3c5ed04f128dc44906ee523ec9_mv2.jpg/v1/fill/w_133,h_188,al_c,q_80,usm_0.66_1.00_0.01,blur_2/pg7 A&A HL - Topic 2 - Functions Notes_j.jpg]
[static.wixstatic.com/media/6742e0_840f2e405ba44664b31619c7254fc8be_mv2.jpg/v1/fill/w_133,h_188,al_c,q_80,usm_0.66_1.00_0.01,blur_2/pg8 A&A HL - Topic 2 - Functions Notes_j.jpg]
[static.wixstatic.com/media/6742e0_5d61c1595d134a04b4048d010c6c78c4_mv2.jpg/v1/fill/w_133,h_188,al_c,q_80,usm_0.66_1.00_0.01,blur_2/pg9 A&A HL - Topic 2 - Functions Notes_j.jpg]
[static.wixstatic.com/media/6742e0_9fea00e8d89348b58152df5033eeb46c_mv2.jpg/v1/fill/w_133,h_188,al_c,q_80,usm_0.66_1.00_0.01,blur_2/pg10 A&A HL - Topic 2 - Functions Notes_.jpg]
[static.wixstatic.com/media/6742e0_d04465087dc748479431f2d1d514f490_mv2.jpg/v1/fill/w_133,h_188,al_c,q_80,usm_0.66_1.00_0.01,blur_2/pg11 A&A HL - Topic 2 - Functions Notes_.jpg]
[static.wixstatic.com/media/6742e0_caa4d1bcb89f48d0a3ffa15fa42e0227_mv2.jpg/v1/fill/w_133,h_188,al_c,q_80,usm_0.66_1.00_0.01,blur_2/pg12 A&A HL - Topic 2 - Functions Notes_.jpg]
[static.wixstatic.com/media/6742e0_7c3cfd7841ea4f5991b71f507d9e0000_mv2.jpg/v1/fill/w_133,h_188,al_c,q_80,usm_0.66_1.00_0.01,blur_2/pg13 A&A HL - Topic 2 - Functions Notes_.jpg]
[static.wixstatic.com/media/6742e0_5e8458be5a6e4ce38e0fe4ebd2b0a31f_mv2.jpg/v1/fill/w_133,h_188,al_c,q_80,usm_0.66_1.00_0.01,blur_2/pg14 A&A HL - Topic 2 - Functions Notes_.jpg]
[static.wixstatic.com/media/6742e0_d799e690dfa942deb0758083be82aa7a_mv2.jpg/v1/fill/w_133,h_188,al_c,q_80,usm_0.66_1.00_0.01,blur_2/pg15 A&A HL - Topic 2 - Functions Notes_.jpg]
[static.wixstatic.com/media/6742e0_de42d53ed3314a408f0f9aa412745761_mv2.jpg/v1/fill/w_133,h_188,al_c,q_80,usm_0.66_1.00_0.01,blur_2/pg16 A&A HL - Topic 2 - Functions Notes_.jpg]
[static.wixstatic.com/media/6742e0_a839d5e8f50744fda7bcd656a105a286_mv2.jpg/v1/fill/w_133,h_188,al_c,q_80,usm_0.66_1.00_0.01,blur_2/pg17 A&A HL - Topic 2 - Functions Notes_.jpg]
[static.wixstatic.com/media/6742e0_e25ec6b4720d4c0b8ee4f5c1843f3af5_mv2.jpg/v1/fill/w_133,h_188,al_c,q_80,usm_0.66_1.00_0.01,blur_2/pg18 A&A HL - Topic 2 - Functions Notes_.jpg]
[static.wixstatic.com/media/6742e0_cb75bbe399f241d7b031662085fc5a67_mv2.jpg/v1/fill/w_133,h_188,al_c,q_80,usm_0.66_1.00_0.01,blur_2/pg19 A&A HL - Topic 2 - Functions Notes_.jpg]
[www.mrmacmaths.com/functions.html]
[static.wixstatic.com/media/6742e0_711abae9efec42d498e5b5de2113f75c_mv2.jpg/v1/fill/w_740,h_1060,al_c,q_85,usm_0.66_1.00_0.01,enc_avif,quality_auto/pg1 A&A HL - Topic 3 - Trig Notes.jpg]
[static.wixstatic.com/media/6742e0_afe45eecb949419c90a62a764b10fb16_mv2.jpg/v1/fill/w_133,h_188,al_c,q_80,usm_0.66_1.00_0.01,blur_2,enc_avif,quality_auto/pg2 A&A HL - Topic 3 - Trig Notes.jpg]
[static.wixstatic.com/media/6742e0_7101d79b21644eba9cebaedf4ac80b40_mv2.jpg/v1/fill/w_133,h_188,al_c,q_80,usm_0.66_1.00_0.01,blur_2,enc_avif,quality_auto/pg3 A&A HL - Topic 3 - Trig Notes.jpg]
[static.wixstatic.com/media/6742e0_f5b3f24b2af14450ae0d42285b92061d_mv2.jpg/v1/fill/w_133,h_188,al_c,q_80,usm_0.66_1.00_0.01,blur_2,enc_avif,quality_auto/pg4 A&A HL - Topic 3 - Trig Notes.jpg]
[static.wixstatic.com/media/6742e0_c9c189ca2f424d468a64c8218511d963_mv2.jpg/v1/fill/w_133,h_188,al_c,q_80,usm_0.66_1.00_0.01,blur_2,enc_avif,quality_auto/pg5 A&A HL - Topic 3 - Trig Notes.jpg]
[static.wixstatic.com/media/6742e0_151e133d93094f76bbcd3cd98d468831_mv2.jpg/v1/fill/w_133,h_188,al_c,q_80,usm_0.66_1.00_0.01,blur_2,enc_avif,quality_auto/pg6 A&A HL - Topic 3 - Trig Notes.jpg]
[static.wixstatic.com/media/6742e0_b73393dfb4744b55b355389bda58950b_mv2.jpg/v1/fill/w_133,h_188,al_c,q_80,usm_0.66_1.00_0.01,blur_2,enc_avif,quality_auto/pg7 A&A HL - Topic 3 - Trig Notes.jpg]
[static.wixstatic.com/media/6742e0_34c72fe55a294a799b26242c0dfacb5d_mv2.jpg/v1/fill/w_133,h_188,al_c,q_80,usm_0.66_1.00_0.01,blur_2,enc_avif,quality_auto/pg8 A&A HL - Topic 3 - Trig Notes.jpg]
[static.wixstatic.com/media/6742e0_44e59ec4f3bc4e968fcf2f43b6bccf84_mv2.jpg/v1/fill/w_95,h_135,al_c,q_80,usm_0.66_1.00_0.01,blur_2,/Solving Trig Eqs Worksheet - Solutions_j.jpg]
[static.wixstatic.com/media/6742e0_776c0a9611c74374b170a38ed9fad7c6_mv2.jpg/v1/crop/x_0,y_0,w_1240,h_1700/fill/w_93,h_127,al_c,q_80,usm_0.66_1.00_0.01,blur_2,/Solving Trig Eqs Worksheet - OWN.65]
[static.wixstatic.com/media/6742e0_08798de74c6a4e8e9ac0b54854b9f34f_mv2.jpg/v1/fill/w_133,h_191,al_c,q_80,usm_0.66_1.00_0.01,blur_2,enc_avif,quality_auto/pg9 A&A HL - Topic 3 - Trig Notes.jpg]
[static.wixstatic.com/media/6742e0_19829ac2c1024cab9e0778ebd1d7f9c0_mv2.jpg/v1/fill/w_133,h_191,al_c,q_80,usm_0.66_1.00_0.01,blur_2,enc_avif,quality_auto/pg10 A&A HL - Topic 3 - Trig Notes.jpg]
[static.wixstatic.com/media/6742e0_3d80066452b44f549fa85aeed0c21986_mv2.jpg/v1/fill/w_133,h_191,al_c,q_80,usm_0.66_1.00_0.01,blur_2,enc_avif,quality_auto/pg11 A&A HL - Topic 3 - Trig Notes.jpg]
[static.wixstatic.com/media/6742e0_23b673297e9448b4b98a87b12542c943_mv2.jpg/v1/fill/w_133,h_191,al_c,q_80,usm_0.66_1.00_0.01,blur_2,enc_avif,quality_auto/pg12 A&A HL - Topic 3 - Trig Notes.jpg]
[static.wixstatic.com/media/6742e0_2cdca17247d0406f9ed042fa603aeb8a_mv2.jpg/v1/fill/w_133,h_191,al_c,q_80,usm_0.66_1.00_0.01,blur_2,enc_avif,quality_auto/pg13 A&A HL - Topic 3 - Trig Notes.jpg]
[static.wixstatic.com/media/6742e0_72fbae228514412ba87dadb5a6163038_mv2.jpg/v1/fill/w_133,h_191,al_c,q_80,usm_0.66_1.00_0.01,blur_2,enc_avif,quality_auto/pg14 A&A HL - Topic 3 - Trig Notes.jpg]
[static.wixstatic.com/media/6742e0_6b82d3a6834d4f979bdd65bdcc428456_mv2.jpg/v1/fill/w_133,h_191,al_c,q_80,usm_0.66_1.00_0.01,blur_2,enc_avif,quality_auto/pg15 A&A HL - Topic 3 - Trig Notes.jpg]
[static.wixstatic.com/media/6742e0_126e81a65b3b4248b70c9dbcd54ae117_mv2.jpg/v1/fill/w_133,h_189,al_c,q_80,usm_0.66_1.00_0.01,blur_2,enc_avif,quality_auto/pg16 A&A HL - Topic 3 - Trig Notes.jpg]
[static.wixstatic.com/media/6742e0_78ad28d4628847cc9bf66bcf0725063d_mv2.jpg/v1/fill/w_133,h_189,al_c,q_80,usm_0.66_1.00_0.01,blur_2,enc_avif,quality_auto/pg17 A&A HL - Topic 3 - Trig Notes.jpg]
[static.wixstatic.com/media/6742e0_38d859869f284e7ba3a6fd4ca1bb843b_mv2.jpg/v1/fill/w_133,h_189,al_c,q_80,usm_0.66_1.00_0.01,blur_2,enc_avif,quality_auto/pg18 A&A HL - Topic 3 - Trig Notes.jpg]
[static.wixstatic.com/media/6742e0_0ce3591eff3643bab1368648e3bce713_mv2.jpg/v1/fill/w_133,h_189,al_c,q_80,usm_0.66_1.00_0.01,blur_2,enc_avif,quality_auto/pg19 A&A HL - Topic 3 - Trig Notes.jpg]
[static.wixstatic.com/media/6742e0_33c5f7d73189496caf7ccde3ffdef5e1_mv2.jpg/v1/fill/w_133,h_189,al_c,q_80,usm_0.66_1.00_0.01,blur_2,enc_avif,quality_auto/pg20 A&A HL - Topic 3 - Trig Notes.jpg]
[static.wixstatic.com/media/6742e0_899b36fd98b3410396bad14d6e691068_mv2.jpg/v1/fill/w_133,h_190,al_c,q_80,usm_0.66_1.00_0.01,blur_2,enc_avif,quality_auto/pg21 A&A HL - Topic 3 - Trig Notes.jpg]
[static.wixstatic.com/media/6742e0_90152130a5e042dba7c69e76b822f197_mv2.jpg/v1/fill/w_133,h_189,al_c,q_80,usm_0.66_1.00_0.01,blur_2,enc_avif,quality_auto/pg22 A&A HL - Topic 3 - Trig Notes.jpg]
[www.mrmacmaths.com/trigononmetry.html]
[static.wixstatic.com/media/6742e0_efe5daedd69b4851aeef83c1adc76156_mv2.jpg/v1/fill/w_740,h_1060,al_c,q_85,usm_0.66_1.00_0.01,enc_avif,quality_auto/A&A SL - Topic 4 - Stats Notes.jpg]
[www.mrmacmaths.com/statistics.html]
[static.wixstatic.com/media/6742e0_23ed2747ed6245f9a373dd863f490557_mv2.jpg/v1/crop/x_11,y_11,w_1227,h_1740/fill/w_131,h_186,al_c,q_80,usm_0.66_1.00_0.01,blur_2/A&A SL - Topic 4 - Stats Notes pg2]
[static.wixstatic.com/media/6742e0_8c550e5363364848a0270a9ea4d7e9b3_mv2.jpg/v1/crop/x_15,y_0,w_1223,h_1749/fill/w_131,h_188,al_c,q_80,usm_0.66_1.00_0.01,blur_2/A&A SL - Topic 4 - Stats Notes pg3]
[static.wixstatic.com/media/6742e0_b38e0626ebb449b2837b69452077d744_mv2.jpg/v1/crop/x_1,y_0,w_1236,h_1751/fill/w_131,h_186,al_c,q_80,usm_0.66_1.00_0.01,blur_2/A&A SL - Topic 4 - Stats Notes pg4.7]
[static.wixstatic.com/media/6742e0_7bab69be83124868accecdc9b712cd36_mv2.jpg/v1/crop/x_16,y_0,w_1207,h_1746/fill/w_131,h_190,al_c,q_80,usm_0.66_1.00_0.01,blur_2/A&A SL - Topic 4 - Stats Notes pg5]
[static.wixstatic.com/media/6742e0_1bb2a72d32fa42968ccc77e2d6e47ebe_mv2.jpg/v1/fill/w_740,h_1060,al_c,q_85,usm_0.66_1.00_0.01,enc_avif,quality_auto/pg1 A&A HL - Topic 5 - Calculus Notes_jp.jpg]
[static.wixstatic.com/media/6742e0_e3832571d7e9401f89895413acf5f7fe_mv2.jpg/v1/crop/x_0,y_0,w_1236,h_1751/fill/w_131,h_186,al_c,q_80,usm_0.66_1.00_0.01,blur_2/A&A SL - Topic 4 - Stats Notes pg6.7]
[static.wixstatic.com/media/6742e0_769ad791ae0a41e6885f5d46abd67f7f_mv2.jpg/v1/fill/w_133,h_188,al_c,q_80,usm_0.66_1.00_0.01,blur_2/pg2 A&A HL - Topic 5 - Calculus Notes_jp.jpg]
[static.wixstatic.com/media/6742e0_67a260646f8542b094957fc1a38f5c78_mv2.jpg/v1/crop/x_0,y_1,w_1238,h_1750/fill/w_131,h_186,al_c,q_80,usm_0.66_1.00_0.01,blur_2/A&A SL - Topic 4 - Stats Notes pg7.7]
[static.wixstatic.com/media/6742e0_edda1f763de847a0875f414358b52ca3_mv2.jpg/v1/crop/x_0,y_1,w_1238,h_1750/fill/w_131,h_186,al_c,q_80,usm_0.66_1.00_0.01,blur_2/A&A SL - Topic 4 - Stats Notes pg8.7]
[static.wixstatic.com/media/6742e0_2895c08dba284052b3b37140308376c6_mv2.jpg/v1/fill/w_133,h_188,al_c,q_80,usm_0.66_1.00_0.01,blur_2/pg3 A&A HL - Topic 5 - Calculus Notes_jp.jpg]
[static.wixstatic.com/media/6742e0_8a11088b04d440d1a6a7f08cf3c04061_mv2.jpg/v1/crop/x_0,y_1,w_1238,h_1750/fill/w_131,h_186,al_c,q_80,usm_0.66_1.00_0.01,blur_2/A&A SL - Topic 4 - Stats Notes pg9.7]
[static.wixstatic.com/media/6742e0_88dfc8fa171c4e54a598191cf8f5c769_mv2.jpg/v1/crop/x_0,y_1,w_1238,h_1750/fill/w_131,h_186,al_c,q_80,usm_0.66_1.00_0.01,blur_2/A&A SL - Topic 4 - Stats Notes pg10]
[static.wixstatic.com/media/6742e0_302cac039bba4dda86686dc65b8b78c2_mv2.jpg/v1/crop/x_0,y_1,w_1238,h_1750/fill/w_131,h_186,al_c,q_80,usm_0.66_1.00_0.01,blur_2/A&A SL - Topic 4 - Stats Notes pg11]
[static.wixstatic.com/media/6742e0_bd8d892217e34c289c08be730065696f_mv2.jpg/v1/fill/w_133,h_188,al_c,q_80,usm_0.66_1.00_0.01,blur_2/pg4 A&A HL - Topic 5 - Calculus Notes_jp.jpg]
[static.wixstatic.com/media/6742e0_65aca815ab634e42a086f883cbaf2182_mv2.jpg/v1/crop/x_0,y_1,w_1238,h_1750/fill/w_131,h_186,al_c,q_80,usm_0.66_1.00_0.01,blur_2/A&A SL - Topic 4 - Stats Notes pg13]
[static.wixstatic.com/media/6742e0_431187d6688d4f2ab36243f7c0f5bcd8_mv2.jpg/v1/crop/x_0,y_1,w_1238,h_1750/fill/w_131,h_186,al_c,q_80,usm_0.66_1.00_0.01,blur_2/A&A SL - Topic 4 - Stats Notes pg14]
[static.wixstatic.com/media/6742e0_73453844fd424f418476017eb374833f_mv2.jpg/v1/crop/x_0,y_1,w_1231,h_1740/fill/w_131,h_186,al_c,q_80,usm_0.66_1.00_0.01,blur_2/A&A HL - Topic 4 - Stats Notes pg15]
[static.wixstatic.com/media/6742e0_d4f5a93637614c47aae106c259d917af_mv2.jpg/v1/fill/w_133,h_188,al_c,q_80,usm_0.66_1.00_0.01,blur_2,enc_avif,quality_auto/2 - Tangent_Normal Revision Sheet.jpg]
[static.wixstatic.com/media/6742e0_b2d99838ce414e349577dbb71f81e9ea_mv2.jpg/v1/crop/x_0,y_1,w_1238,h_1750/fill/w_131,h_186,al_c,q_80,usm_0.66_1.00_0.01,blur_2/A&A SL - Topic 4 - Stats Notes pg12]
[static.wixstatic.com/media/6742e0_c757c0589c304bf6a9869fa2fab12858_mv2.jpg/v1/crop/x_0,y_5,w_1225,h_1731/fill/w_131,h_186,al_c,q_80,usm_0.66_1.00_0.01,blur_2/A&A HL - Topic 4 - Stats Notes pg16]
[static.wixstatic.com/media/6742e0_79c387cbc93346de8a1ded1aebd686c9_mv2.jpg/v1/crop/x_0,y_0,w_4214,h_819/fill/w_124,h_24,al_c,q_80,usm_0.66_1.00_0.01,blur_2,/Revision Sheet Answers 2.jpg]
[static.wixstatic.com/media/6742e0_1e6fba3fa3a7450ba2ce926aef4bf1b1_mv2.jpg/v1/fill/w_133,h_188,al_c,q_80,usm_0.66_1.00_0.01,blur_2/pg5 A&A HL - Topic 5 - Calculus Notes_jp.jpg]
[static.wixstatic.com/media/6742e0_420f0e9737f8441ab14e02ef220b08a3_mv2.jpg/v1/fill/w_133,h_188,al_c,q_80,usm_0.66_1.00_0.01,blur_2/pg6 A&A HL - Topic 5 - Calculus Notes_jp.jpg]
[static.wixstatic.com/media/6742e0_c76a1f78a856481fa545dca87d771d42_mv2.jpg/v1/fill/w_133,h_188,al_c,q_80,usm_0.66_1.00_0.01,blur_2/pg7 A&A HL - Topic 5 - Calculus Notes_jp.jpg]
[static.wixstatic.com/media/6742e0_40ceeaefcd644c2abd9071304769e23a_mv2.jpg/v1/fill/w_133,h_188,al_c,q_80,usm_0.66_1.00_0.01,blur_2/pg8 A&A HL - Topic 5 - Calculus Notes_jp.jpg]
[static.wixstatic.com/media/6742e0_95c72e789e784f8391e53bf66ebcd921_mv2.jpg/v1/fill/w_133,h_188,al_c,q_80,usm_0.66_1.00_0.01,blur_2,enc_avif,quality_auto/1 - Derivatives Revision Sheet.jpg]
[static.wixstatic.com/media/6742e0_4105e7b5989a451d8dcee19354b98418_mv2.jpg/v1/crop/x_0,y_20,w_4903,h_1933/fill/w_127,h_50,al_c,q_80,usm_0.66_1.00_0.01,blur_2,/Revision Sheet Answers 1.jpg]
[static.wixstatic.com/media/6742e0_7bb0b0831436451b982d51cdeb27eb51_mv2.jpg/v1/fill/w_133,h_188,al_c,q_80,usm_0.66_1.00_0.01,blur_2/pg9 A&A HL - Topic 5 - Calculus Notes_jp.jpg]
[static.wixstatic.com/media/6742e0_a524869a9ead40b683b350e6b6001e73_mv2.jpg/v1/fill/w_133,h_188,al_c,q_80,usm_0.66_1.00_0.01,blur_2/pg10 A&A HL - Topic 5 - Calculus Notes_j.jpg]
[static.wixstatic.com/media/6742e0_176836f294cd433f810a7ef119025147_mv2.jpg/v1/fill/w_133,h_188,al_c,q_80,usm_0.66_1.00_0.01,blur_2/pg11 A&A HL - Topic 5 - Calculus Notes_j.jpg]
[static.wixstatic.com/media/6742e0_fb3fee06eda24eb8aacc31429d2fdd2e_mv2.jpg/v1/fill/w_133,h_188,al_c,q_80,usm_0.66_1.00_0.01,blur_2/3 - Stationary_Inflexion Revision Sheet_.jpg]
[static.wixstatic.com/media/6742e0_cd03b564f7e04c87a48623d238154ebe_mv2.jpg/v1/fill/w_126,h_36,al_c,q_80,usm_0.66_1.00_0.01,blur_2,enc_avif,quality_auto/Revision Sheet Answers 3.jpg]
[static.wixstatic.com/media/6742e0_4458aea45d3d410a9ea7a6191d3602cd_mv2.jpg/v1/fill/w_133,h_188,al_c,q_80,usm_0.66_1.00_0.01,blur_2/pg12 A&A HL - Topic 5 - Calculus Notes_j.jpg]
[static.wixstatic.com/media/6742e0_2b980f2a6557436fbc7d9eb1f0a7071d_mv2.jpg/v1/fill/w_133,h_188,al_c,q_80,usm_0.66_1.00_0.01,blur_2/pg13 A&A HL - Topic 5 - Calculus Notes_j.jpg]
[static.wixstatic.com/media/6742e0_5627e79e6bfb4b8aaa023b57e17bcc26_mv2.jpg/v1/fill/w_133,h_188,al_c,q_80,usm_0.66_1.00_0.01,blur_2/pg14 A&A HL - Topic 5 - Calculus Notes_j.jpg]
[static.wixstatic.com/media/6742e0_b97635fcbe474343b00c940c52d23e46_mv2.jpg/v1/fill/w_133,h_189,al_c,q_80,usm_0.66_1.00_0.01,blur_2/pg15 A&A HL - Topic 5 - Calculus Notes_j.jpg]
[static.wixstatic.com/media/6742e0_04fb8e04cced4d6c8478196e593aa8f4_mv2.jpg/v1/fill/w_133,h_189,al_c,q_80,usm_0.66_1.00_0.01,blur_2/pg16 A&A HL - Topic 5 - Calculus Notes_j.jpg]
[static.wixstatic.com/media/6742e0_89adaa6d7d8d4aad8e409388d3e4a67c_mv2.jpg/v1/fill/w_133,h_189,al_c,q_80,usm_0.66_1.00_0.01,blur_2/pg17 A&A HL - Topic 5 - Calculus Notes_j.jpg]
[static.wixstatic.com/media/6742e0_0c87673512e948d092d95fd4b2181ee6_mv2.jpg/v1/fill/w_133,h_189,al_c,q_80,usm_0.66_1.00_0.01,blur_2/pg18 A&A HL - Topic 5 - Calculus Notes_j.jpg]
[static.wixstatic.com/media/6742e0_14caa3a6774d42c89ca2d2257619fb29_mv2.jpg/v1/fill/w_133,h_190,al_c,q_80,usm_0.66_1.00_0.01,blur_2/pg19 A&A HL - Topic 5 - Calculus Notes_j.jpg]
[static.wixstatic.com/media/6742e0_84db88adfba5474aa6146fa49fb0b082_mv2.jpg/v1/fill/w_133,h_189,al_c,q_80,usm_0.66_1.00_0.01,blur_2/pg20 A&A HL - Topic 5 - Calculus Notes_j.jpg]
[static.wixstatic.com/media/6742e0_eb8b499b6161464d9db008f37cede214_mv2.jpg/v1/fill/w_133,h_190,al_c,q_80,usm_0.66_1.00_0.01,blur_2/pg21 A&A HL - Topic 5 - Calculus Notes_j.jpg]
[static.wixstatic.com/media/6742e0_4ee8fc22d54444be86fe8778649cad13_mv2.jpg/v1/fill/w_133,h_190,al_c,q_80,usm_0.66_1.00_0.01,blur_2/pg22 A&A HL - Topic 5 - Calculus Notes_j.jpg]
[static.wixstatic.com/media/6742e0_8d34030b9e9a44eab0296d7fa1990371_mv2.jpg/v1/fill/w_133,h_190,al_c,q_80,usm_0.66_1.00_0.01,blur_2/pg23 A&A HL - Topic 5 - Calculus Notes_j.jpg]
[static.wixstatic.com/media/6742e0_272e61952840476ba9248a1a2a6f465c_mv2.jpg/v1/fill/w_133,h_189,al_c,q_80,usm_0.66_1.00_0.01,blur_2/pg24 A&A HL - Topic 5 - Calculus Notes_j.jpg]
[static.wixstatic.com/media/6742e0_6c988821c36544768db441b8bf7c6e0c_mv2.jpg/v1/fill/w_133,h_190,al_c,q_80,usm_0.66_1.00_0.01,blur_2/pg25 A&A HL - Topic 5 - Calculus Notes_j.jpg]
[static.wixstatic.com/media/6742e0_0b4b0b4dcdb349ea9bc553359af4869d_mv2.jpg/v1/fill/w_133,h_190,al_c,q_80,usm_0.66_1.00_0.01,blur_2/pg26 A&A HL - Topic 5 - Calculus Notes_j.jpg]
[static.wixstatic.com/media/6742e0_e050585424f14f64ac740cc14e1745e0_mv2.jpg/v1/fill/w_133,h_189,al_c,q_80,usm_0.66_1.00_0.01,blur_2/pg27 A&A HL - Topic 5 - Calculus Notes_j.jpg]
[static.wixstatic.com/media/6742e0_25c6de781085458195e051c511f697b4_mv2.jpg/v1/fill/w_133,h_189,al_c,q_80,usm_0.66_1.00_0.01,blur_2/pg28 A&A HL - Topic 5 - Calculus Notes_j.jpg]
[static.wixstatic.com/media/6742e0_adcfaa5215c24ff99aba3f9d2fa653e4_mv2.jpg/v1/fill/w_133,h_189,al_c,q_80,usm_0.66_1.00_0.01,blur_2/pg29 A&A HL - Topic 5 - Calculus Notes_j.jpg]
[static.wixstatic.com/media/6742e0_31222df9f4204cd2a9dd42e3afcdc714_mv2.jpg/v1/fill/w_133,h_189,al_c,q_80,usm_0.66_1.00_0.01,blur_2/pg30 A&A HL - Topic 5 - Calculus Notes_j.jpg]
[www.mrmacmaths.com/calculus.html]
[static.wixstatic.com/media/6742e0_6c3cbe8467e74df38c1d9627dc6f0e71_mv2.jpg/v1/fill/w_731,h_1047,al_c,q_85,usm_0.66_1.00_0.01,enc_avif,quality_auto/pg1 A&A HL - Topic 1 - Algebra Notes.jpg]
[static.wixstatic.com/media/6742e0_3e14476f306f4cfea26d9fce78d069b6_mv2.jpg/v1/fill/w_132,h_186,al_c,q_80,usm_0.66_1.00_0.01,blur_2,enc_avif,quality_auto/pg2 A&A HL - Topic 1 - Algebra Notes.jpg]
[static.wixstatic.com/media/6742e0_59979c20af704862a1940cfcbf1ac829_mv2.png/v1/fill/w_58,h_70,al_c,q_85,usm_0.66_1.00_0.01,blur_2,enc_avif,quality_auto/Screenshot 2020-03-31 at 22_01_26.png]
[static.wixstatic.com/media/6742e0_305d59e9a2a6444a8fa0183063fb5c92_mv2.png/v1/fill/w_58,h_70,al_c,q_85,usm_0.66_1.00_0.01,blur_2,enc_avif,quality_auto/Screenshot 2020-03-31 at 22_01_47.png]
[static.wixstatic.com/media/6742e0_a5458ece7fb448b8b5cc943acc009179_mv2.jpg/v1/fill/w_132,h_186,al_c,q_80,usm_0.66_1.00_0.01,blur_2,enc_avif,quality_auto/pg3 A&A HL - Topic 1 - Algebra Notes.jpg]
[static.wixstatic.com/media/6742e0_e92c2a1d06b24f52a2fb0ae7e177913c_mv2.jpg/v1/fill/w_132,h_186,al_c,q_80,usm_0.66_1.00_0.01,blur_2,enc_avif,quality_auto/pg4 A&A HL - Topic 1 - Algebra Notes.jpg]
[static.wixstatic.com/media/6742e0_71dfcfebd0e241f8b44be7581d429420_mv2.jpg/v1/fill/w_132,h_186,al_c,q_80,usm_0.66_1.00_0.01,blur_2,enc_avif,quality_auto/pg5 A&A HL - Topic 1 - Algebra Notes.jpg]
[static.wixstatic.com/media/6742e0_fb8d0950fad74e898bedb2447a0f74bc_mv2.jpg/v1/crop/x_4,y_282,w_1559,h_2085/fill/w_101,h_135,al_c,q_80,usm_0.66_1.00_0.01,blur_2/AASL - Exponent Posters G.b0.delay]
[static.wixstatic.com/media/6742e0_9ed623c525f641b0b92c8a37e71b85c6_mv2.jpg/v1/crop/x_69,y_264,w_1541,h_2043/fill/w_101,h_134,al_c,q_80,usm_0.66_1.00_0.01,blur_2/AASL - Exponent Posters B.b1.dela]
[static.wixstatic.com/media/6742e0_6c779948b28a4ed0a430ad17bf81fe40_mv2.jpg/v1/fill/w_132,h_186,al_c,q_80,usm_0.66_1.00_0.01,blur_2,enc_avif,quality_auto/pg6 A&I SL - Topic 1 - Algebra Notes.jpg]
[static.wixstatic.com/media/6742e0_1cf35068a94d43e1a8aacac0f18f4435_mv2.jpg/v1/crop/x_0,y_2,w_1751,h_752/fill/w_108,h_46,al_c,q_80,usm_0.66_1.00_0.01,blur_2,/AASL - Exponent Posters Answers.b2.de]
[static.wixstatic.com/media/6742e0_290cfdd69a684ce298dfda005f503508_mv2.jpg/v1/fill/w_132,h_187,al_c,q_80,usm_0.66_1.00_0.01,blur_2,enc_avif,quality_auto/pg7 A&I SL - Topic 1 - Algebra Notes.jpg]
[static.wixstatic.com/media/6742e0_6962dec23bae4e64886e3c2f5e4c68da_mv2.jpg/v1/fill/w_132,h_188,al_c,q_80,usm_0.66_1.00_0.01,blur_2,enc_avif,quality_auto/pg8 A&I SL - Topic 1 - Algebra Notes.jpg]
[static.wixstatic.com/media/6742e0_6d21353375a94b698931fe77fd9500f3_mv2.jpg/v1/fill/w_133,h_188,al_c,q_80,usm_0.66_1.00_0.01,blur_2,enc_avif,quality_auto/AHL1_9jpg.jpg]
[static.wixstatic.com/media/6742e0_93d75cf646aa41d38e1be594311704ce_mv2.jpg/v1/fill/w_133,h_188,al_c,q_80,usm_0.66_1.00_0.01,blur_2,enc_avif,quality_auto/AHL1_10jpg.jpg]
[static.wixstatic.com/media/6742e0_01cc805c232e40b3bdcefbb67e1b25b7_mv2.jpg/v1/fill/w_133,h_188,al_c,q_80,usm_0.66_1.00_0.01,blur_2,enc_avif,quality_auto/AHL1_11jpg.jpg]
[static.wixstatic.com/media/6742e0_f563bbffb4b845e49fddf46a4f48879b_mv2.jpg/v1/fill/w_133,h_188,al_c,q_80,usm_0.66_1.00_0.01,blur_2,enc_avif,quality_auto/AHL1_12a jpg.jpg]
[static.wixstatic.com/media/6742e0_0af6b6e4fc13418b91f9b7682698c417_mv2.jpg/v1/fill/w_133,h_188,al_c,q_80,usm_0.66_1.00_0.01,blur_2,enc_avif,quality_auto/AHL1_12b jpg.jpg]
[static.wixstatic.com/media/6742e0_10b33abf453e40aabfa15e23792dc7c8_mv2.jpg/v1/fill/w_133,h_188,al_c,q_80,usm_0.66_1.00_0.01,blur_2,enc_avif,quality_auto/AHL1_13a jpg.jpg]
[static.wixstatic.com/media/6742e0_97dcb10ad6b14be3855b7084e68bae3d_mv2.jpg/v1/fill/w_133,h_188,al_c,q_80,usm_0.66_1.00_0.01,blur_2,enc_avif,quality_auto/AHL1_13b.jpg]
[static.wixstatic.com/media/6742e0_43e3c55b5e444039b19e6d95dd589ea7_mv2.jpg/v1/fill/w_133,h_188,al_c,q_80,usm_0.66_1.00_0.01,blur_2,enc_avif,quality_auto/AHL1_14a jpg.jpg]
[static.wixstatic.com/media/6742e0_61c5eca1ae7746d49f4bb4318cb279b1_mv2.jpg/v1/fill/w_133,h_188,al_c,q_80,usm_0.66_1.00_0.01,blur_2,enc_avif,quality_auto/AHL1_14b jpg.jpg]
[static.wixstatic.com/media/6742e0_0e876dc6611d426ca6f109504fd87eb0_mv2.jpg/v1/fill/w_133,h_188,al_c,q_80,usm_0.66_1.00_0.01,blur_2,enc_avif,quality_auto/AHL1_15a jpg.jpg]
[static.wixstatic.com/media/6742e0_359ed08cb9a4425bbe153a385f835e05_mv2.jpg/v1/fill/w_133,h_188,al_c,q_80,usm_0.66_1.00_0.01,blur_2,enc_avif,quality_auto/AHL1_15b jpg.jpg]
[www.mrmacmaths.com/a-i-algebra.html]
[static.wixstatic.com/media/6742e0_253396520ecf4b568f2c4ababda2958c_mv2.jpg/v1/fill/w_133,h_188,al_c,q_80,usm_0.66_1.00_0.01,blur_2/pg5 A&I SL - Topic 2 - Functions Notes_j.jpg]
[static.wixstatic.com/media/6742e0_59794573aef846d6bec9547ff997409e_mv2.jpg/v1/fill/w_133,h_188,al_c,q_80,usm_0.66_1.00_0.01,blur_2/pg6 A&I SL - Topic 2 - Functions Notes_j.jpg]
[static.wixstatic.com/media/6742e0_a00f0b8804f7427eaee155845200e513_mv2.jpg/v1/fill/w_133,h_188,al_c,q_80,usm_0.66_1.00_0.01,blur_2/pg7 A&I SL - Topic 2 - Functions Notes_j.jpg]
[static.wixstatic.com/media/6742e0_f25fb1555a0e4c5597cb95bf532048fe_mv2.jpg/v1/fill/w_133,h_188,al_c,q_80,usm_0.66_1.00_0.01,blur_2/pg8 A&I SL - Topic 2 - Functions Notes_j.jpg]
[static.wixstatic.com/media/6742e0_96f55f1379b444be9efab730aebac974_mv2.jpg/v1/fill/w_133,h_188,al_c,q_80,usm_0.66_1.00_0.01,blur_2/pg9 A&I SL - Topic 2 - Functions Notes_j.jpg]
[static.wixstatic.com/media/6742e0_ea6f02dd7e9c42d5b829c8b21a5b0a79_mv2.jpg/v1/fill/w_133,h_188,al_c,q_80,usm_0.66_1.00_0.01,blur_2/pg10 A&I SL - Topic 2 - Functions Notes_.jpg]
[static.wixstatic.com/media/6742e0_52a470f10831436c8f58b421ad0a0d62_mv2.jpg/v1/fill/w_133,h_188,al_c,q_80,usm_0.66_1.00_0.01,blur_2,enc_avif,quality_auto/AHL2_7jpg.jpg]
[static.wixstatic.com/media/6742e0_08671c13b4d644f5a8f307e66c85ce4a_mv2.jpg/v1/fill/w_133,h_188,al_c,q_80,usm_0.66_1.00_0.01,blur_2,enc_avif,quality_auto/AHL2_8jpg.jpg]
[static.wixstatic.com/media/6742e0_f1a9c6789a67445d85b70c1fce9cdcf0_mv2.jpg/v1/fill/w_133,h_188,al_c,q_80,usm_0.66_1.00_0.01,blur_2,enc_avif,quality_auto/AHL2_9a jpg.jpg]
[static.wixstatic.com/media/6742e0_08963c7ca92043aeb87a2a88bd525525_mv2.jpg/v1/fill/w_133,h_188,al_c,q_80,usm_0.66_1.00_0.01,blur_2,enc_avif,quality_auto/AHL2_9b jpg.jpg]
[static.wixstatic.com/media/6742e0_73d0efbd13754b3ea761defa433e12c0_mv2.jpg/v1/fill/w_133,h_188,al_c,q_80,usm_0.66_1.00_0.01,blur_2,enc_avif,quality_auto/AHL2_10a jpg.jpg]
[static.wixstatic.com/media/6742e0_c87d455596bb4ab6842413522b3e4c16_mv2.jpg/v1/fill/w_133,h_188,al_c,q_80,usm_0.66_1.00_0.01,blur_2,enc_avif,quality_auto/AHL2_10b jpg.jpg]
[www.mrmacmaths.com/a-i-functions.html]
[static.wixstatic.com/media/6742e0_d61838d4ac7e4a4aaa15931ffbca4f45_mv2.jpg/v1/fill/w_133,h_188,al_c,q_80,usm_0.66_1.00_0.01,blur_2,enc_avif,quality_auto/pg4 A&I SL - Topic 3 - Trig Notes.jpg]
[static.wixstatic.com/media/6742e0_e025c243a6a047089d1e0676ea440fd5_mv2.jpg/v1/fill/w_133,h_188,al_c,q_80,usm_0.66_1.00_0.01,blur_2,enc_avif,quality_auto/pg5 A&I SL - Topic 3 - Trig Notes.jpg]
[static.wixstatic.com/media/6742e0_fe03411039b74e72857841617c8e8ba1_mv2.gif/v1/fill/w_79,h_79,al_c,usm_0.66_1.00_0.01,blur_2,pstr/Perpendicular_Bisector_gif.gif]
[static.wixstatic.com/media/6742e0_cd23d4ca0cbe4afbbffe914a5800d586_mv2.jpg/v1/fill/w_133,h_188,al_c,q_80,usm_0.66_1.00_0.01,blur_2,enc_avif,quality_auto/pg6 A&I SL - Topic 3 - Trig Notes.jpg]
[static.wixstatic.com/media/6742e0_ff052842c60d4dc8bdd944124ef39caf_mv2.jpg/v1/fill/w_133,h_188,al_c,q_80,usm_0.66_1.00_0.01,blur_2,enc_avif,quality_auto/pg7 A&I SL - Topic 3 - Trig Notes.jpg]
[static.wixstatic.com/media/6742e0_f5bcc011fa0944628f1c77a46c697dca_mv2.jpg/v1/fill/w_133,h_188,al_c,q_80,usm_0.66_1.00_0.01,blur_2,enc_avif,quality_auto/pg8 A&I SL - Topic 3 - Trig Notes.jpg]
[static.wixstatic.com/media/6742e0_94ede3b7c0564b07badc571ca73f7698_mv2.jpg/v1/fill/w_133,h_188,al_c,q_80,usm_0.66_1.00_0.01,blur_2,enc_avif,quality_auto/AHL3_7 jpg.jpg]
[static.wixstatic.com/media/6742e0_f71bce8f83f843dcb23ecf3aea8172e0_mv2.jpg/v1/fill/w_133,h_188,al_c,q_80,usm_0.66_1.00_0.01,blur_2,enc_avif,quality_auto/AHL3_8a jpg.jpg]
[static.wixstatic.com/media/6742e0_2698f2eab575465c93f206202e5893a6_mv2.jpg/v1/fill/w_133,h_188,al_c,q_80,usm_0.66_1.00_0.01,blur_2,enc_avif,quality_auto/AHL3_8b jpg.jpg]
[static.wixstatic.com/media/6742e0_57cefad6be394084938583f5083e0f96_mv2.jpg/v1/fill/w_133,h_188,al_c,q_80,usm_0.66_1.00_0.01,blur_2,enc_avif,quality_auto/AHL3_9 jpg.jpg]
[static.wixstatic.com/media/6742e0_17416b3d70714965a9ffb0f667ec0a2d_mv2.jpg/v1/fill/w_133,h_188,al_c,q_80,usm_0.66_1.00_0.01,blur_2,enc_avif,quality_auto/AHL3_10a jpg.jpg]
[static.wixstatic.com/media/6742e0_688ffac85eb04f11a7548e9bb96e1230_mv2.jpg/v1/fill/w_133,h_188,al_c,q_80,usm_0.66_1.00_0.01,blur_2,enc_avif,quality_auto/AHL3_10b jpg.jpg]
[static.wixstatic.com/media/6742e0_86354ab191134c70a1ed83515e49724c_mv2.jpg/v1/fill/w_133,h_188,al_c,q_80,usm_0.66_1.00_0.01,blur_2,enc_avif,quality_auto/AHL3_11 jpg.jpg]
[static.wixstatic.com/media/6742e0_12195fb95d434a93ae6a7c9410b41013_mv2.jpg/v1/fill/w_133,h_188,al_c,q_80,usm_0.66_1.00_0.01,blur_2,enc_avif,quality_auto/AHL3_12 jpg.jpg]
[static.wixstatic.com/media/6742e0_471f175569644c98a42ae6dbbf287f27_mv2.jpg/v1/fill/w_133,h_188,al_c,q_80,usm_0.66_1.00_0.01,blur_2,enc_avif,quality_auto/AHL3_13a jpg.jpg]
[static.wixstatic.com/media/6742e0_fddc7dc314284917bdd95ed3fc0fcd04_mv2.jpg/v1/fill/w_133,h_188,al_c,q_80,usm_0.66_1.00_0.01,blur_2,enc_avif,quality_auto/AHL3_13b jpg.jpg]
[static.wixstatic.com/media/6742e0_17a157c1b924415daba5ce0a8b3caba4_mv2.jpg/v1/fill/w_133,h_188,al_c,q_80,usm_0.66_1.00_0.01,blur_2,enc_avif,quality_auto/AHL3_14a jpg.jpg]
[static.wixstatic.com/media/6742e0_8b24d16ebec2480bb489ce6eb232c5c4_mv2.jpg/v1/fill/w_133,h_188,al_c,q_80,usm_0.66_1.00_0.01,blur_2,enc_avif,quality_auto/AHL3_14b jpg.jpg]
[static.wixstatic.com/media/6742e0_244f0a46892f40668e44278baab0b44e_mv2.jpg/v1/fill/w_133,h_188,al_c,q_80,usm_0.66_1.00_0.01,blur_2,enc_avif,quality_auto/AHL3_15a jpg.jpg]
[static.wixstatic.com/media/6742e0_c4df3c2e5eb24fdebf75650697bfef83_mv2.jpg/v1/fill/w_133,h_188,al_c,q_80,usm_0.66_1.00_0.01,blur_2,enc_avif,quality_auto/AHL3_15b jpg.jpg]
[static.wixstatic.com/media/6742e0_fc2cf867f3454d3ba35dba2ee42cfdb1_mv2.jpg/v1/fill/w_133,h_188,al_c,q_80,usm_0.66_1.00_0.01,blur_2,enc_avif,quality_auto/AHL3_16a jpg.jpg]
[static.wixstatic.com/media/6742e0_9689c821700b4aaf8049c1ad19f80418_mv2.jpg/v1/fill/w_133,h_188,al_c,q_80,usm_0.66_1.00_0.01,blur_2,enc_avif,quality_auto/AHL3_16b jpg.jpg]
[static.wixstatic.com/media/6742e0_4341b6c9f59f48a080c0b5a37102f45e_mv2.jpg/v1/fill/w_133,h_188,al_c,q_80,usm_0.66_1.00_0.01,blur_2,enc_avif,quality_auto/AHL3_16c jpg.jpg]
[static.wixstatic.com/media/6742e0_afc2a391921649d9bc4242627d43db14_mv2.jpg/v1/fill/w_133,h_188,al_c,q_80,usm_0.66_1.00_0.01,blur_2,enc_avif,quality_auto/AHL3_16d jpg.jpg]
[www.mrmacmaths.com/a-i-trig-geom.html]
[static.wixstatic.com/media/6742e0_2faa641d205d429884db800b78905b8a_mv2.jpg/v1/crop/x_0,y_1,w_1470,h_2078/fill/w_131,h_186,al_c,q_80,usm_0.66_1.00_0.01,blur_2/AHL4_12 jpg.jpg]
[static.wixstatic.com/media/6742e0_248e397d39004938aa64470ab2f4ed3d_mv2.jpg/v1/crop/x_0,y_1,w_1238,h_1750/fill/w_131,h_186,al_c,q_80,usm_0.66_1.00_0.01,blur_2/A&I SL - Topic 4 - Stats Notes pg15]
[static.wixstatic.com/media/6742e0_ffd4bc96fd524e7dad09f5c2205231c0_mv2.jpg/v1/crop/x_0,y_1,w_1238,h_1750/fill/w_131,h_186,al_c,q_80,usm_0.66_1.00_0.01,blur_2/A&I SL - Topic 4 - Stats Notes pg14]
[static.wixstatic.com/media/6742e0_9d444475e9e449a48352e1f5b6a5e1df_mv2.jpg/v1/crop/x_0,y_1,w_1238,h_1750/fill/w_131,h_186,al_c,q_80,usm_0.66_1.00_0.01,blur_2/A&I SL - Topic 4 - Stats Notes pg13]
[static.wixstatic.com/media/6742e0_c8a6751d905a419dade9bee9b19bffce_mv2.jpg/v1/crop/x_0,y_1,w_1238,h_1750/fill/w_131,h_186,al_c,q_80,usm_0.66_1.00_0.01,blur_2/A&I SL - Topic 4 - Stats Notes pg16]
[static.wixstatic.com/media/6742e0_1e602c1a394340f7ab10706dabcc646e_mv2.jpg/v1/crop/x_0,y_1,w_1470,h_2078/fill/w_131,h_186,al_c,q_80,usm_0.66_1.00_0.01,blur_2/AHL4_13 jpg.jpg]
[static.wixstatic.com/media/6742e0_6f9b5b0f5bcc4045bfd081747daad330_mv2.jpg/v1/crop/x_0,y_1,w_1238,h_1750/fill/w_131,h_186,al_c,q_80,usm_0.66_1.00_0.01,blur_2/A&I SL - Topic 4 - Stats Notes pg17]
[static.wixstatic.com/media/6742e0_bb750dd9a4154ac99e9a09821de2cc7c_mv2.jpg/v1/crop/x_0,y_1,w_1470,h_2078/fill/w_131,h_186,al_c,q_80,usm_0.66_1.00_0.01,blur_2/AHL4_14a jpg.jpg]
[static.wixstatic.com/media/6742e0_c631b91aec9b476496ab2b04ed58fee3_mv2.jpg/v1/crop/x_0,y_1,w_1470,h_2078/fill/w_131,h_186,al_c,q_80,usm_0.66_1.00_0.01,blur_2/AHL4_14b jpg.jpg]
[static.wixstatic.com/media/6742e0_6e7d7589b7e44f348eefde49f2575dce_mv2.jpg/v1/crop/x_0,y_1,w_1470,h_2078/fill/w_131,h_186,al_c,q_80,usm_0.66_1.00_0.01,blur_2/AHL4_15 jpg.jpg]
[static.wixstatic.com/media/6742e0_f760888a49db421086c67ca16df78197_mv2.jpg/v1/crop/x_0,y_1,w_1470,h_2078/fill/w_131,h_186,al_c,q_80,usm_0.66_1.00_0.01,blur_2/AHL4_16 jpg.jpg]
[static.wixstatic.com/media/6742e0_c34a321152864db088419157b484f875_mv2.jpg/v1/crop/x_0,y_1,w_1470,h_2078/fill/w_131,h_186,al_c,q_80,usm_0.66_1.00_0.01,blur_2/AHL4_17 jpg.jpg]
[static.wixstatic.com/media/6742e0_3b46c1a9ac744b7f9142cee5691e4a16_mv2.jpg/v1/crop/x_0,y_1,w_1470,h_2078/fill/w_131,h_186,al_c,q_80,usm_0.66_1.00_0.01,blur_2/AHL4_18a jpg.jpg]
[static.wixstatic.com/media/6742e0_5e50c022ce7d4c419847189d4afa64bb_mv2.jpg/v1/crop/x_0,y_1,w_1470,h_2078/fill/w_131,h_186,al_c,q_80,usm_0.66_1.00_0.01,blur_2/AHL4_18b jpg.jpg]
[static.wixstatic.com/media/6742e0_aa8642950ac046b9b7e5e90f23e67a9d_mv2.jpg/v1/crop/x_0,y_1,w_1470,h_2078/fill/w_131,h_186,al_c,q_80,usm_0.66_1.00_0.01,blur_2/AHL4_18c jpg.jpg]
[static.wixstatic.com/media/6742e0_969c1cbe55054afea22b320fb7dd1ab8_mv2.jpg/v1/crop/x_0,y_1,w_1470,h_2078/fill/w_131,h_186,al_c,q_80,usm_0.66_1.00_0.01,blur_2/AHL4_18d jpg.jpg]
[www.mrmacmaths.com/a-i-statistics.html]
[static.wixstatic.com/media/6742e0_79c387cbc93346de8a1ded1aebd686c9_mv2.jpg/v1/crop/x_0,y_0,w_4214,h_819/fill/w_120,h_23,al_c,q_80,usm_0.66_1.00_0.01,blur_2,/Revision Sheet Answers 2.jpg]
[static.wixstatic.com/media/6742e0_2101cbe207724ec287ba73b4e9a718ef_mv2.jpg/v1/fill/w_133,h_188,al_c,q_80,usm_0.66_1.00_0.01,blur_2/pg7 A&I SL - Topic 5 - Calculus Notes_jp.jpg]
[static.wixstatic.com/media/6742e0_febb1daa7c6a4520a07223adb2a34b50_mv2.jpg/v1/fill/w_133,h_188,al_c,q_80,usm_0.66_1.00_0.01,blur_2/pg8 A&I SL - Topic 5 - Calculus Notes_jp.jpg]
[static.wixstatic.com/media/6742e0_95f68bb7ab854b43b61c29070b68a72f_mv2.jpg/v1/fill/w_133,h_188,al_c,q_80,usm_0.66_1.00_0.01,blur_2/pg9 A&I SL - Topic 5 - Calculus Notes_jp.jpg]
[static.wixstatic.com/media/6742e0_1d4d1ab2c11542fe8a8efac5a1dbf676_mv2.jpg/v1/fill/w_133,h_188,al_c,q_80,usm_0.66_1.00_0.01,blur_2,enc_avif,quality_auto/AHL5_9a jpg.jpg]
[static.wixstatic.com/media/6742e0_87db5b6abc8e42919f2bb4c5ed26232a_mv2.jpg/v1/fill/w_133,h_188,al_c,q_80,usm_0.66_1.00_0.01,blur_2,enc_avif,quality_auto/AHL5_9b jpg.jpg]
[static.wixstatic.com/media/6742e0_af5e4e66e0754e2fb18bbb1d11a14fb7_mv2.jpg/v1/fill/w_133,h_188,al_c,q_80,usm_0.66_1.00_0.01,blur_2,enc_avif,quality_auto/AHL5_10 jpg.jpg]
[static.wixstatic.com/media/6742e0_354ba74fcf4b4d1599f514522331abb7_mv2.jpg/v1/fill/w_133,h_188,al_c,q_80,usm_0.66_1.00_0.01,blur_2,enc_avif,quality_auto/AHL5_11 jpg.jpg]
[static.wixstatic.com/media/6742e0_3897e9e917914051b6d37c812bae55f8_mv2.jpg/v1/fill/w_133,h_188,al_c,q_80,usm_0.66_1.00_0.01,blur_2,enc_avif,quality_auto/AHL5_12a jpg.jpg]
[static.wixstatic.com/media/6742e0_afa95fb2c66d4b1fab306b8a5cc47ac2_mv2.jpg/v1/fill/w_133,h_188,al_c,q_80,usm_0.66_1.00_0.01,blur_2,enc_avif,quality_auto/AHL5_12b jpg.jpg]
[static.wixstatic.com/media/6742e0_082c92a9693240cfb29399e09bdde18b_mv2.jpg/v1/fill/w_133,h_188,al_c,q_80,usm_0.66_1.00_0.01,blur_2,enc_avif,quality_auto/AHL5_13 jpg.jpg]
[static.wixstatic.com/media/6742e0_dfcdea51afd64696b4a4d56abfc86b29_mv2.jpg/v1/fill/w_133,h_188,al_c,q_80,usm_0.66_1.00_0.01,blur_2,enc_avif,quality_auto/AHL5_14 jpg.jpg]
[static.wixstatic.com/media/6742e0_97cf6d95f8fa44b0b4d83c0c187315be_mv2.jpg/v1/fill/w_133,h_188,al_c,q_80,usm_0.66_1.00_0.01,blur_2,enc_avif,quality_auto/AHL5_15 jpg.jpg]
[static.wixstatic.com/media/6742e0_5968136baa2e4c12b494f746edbc2063_mv2.jpg/v1/fill/w_133,h_188,al_c,q_80,usm_0.66_1.00_0.01,blur_2,enc_avif,quality_auto/AHL5_16a jpg.jpg]
[static.wixstatic.com/media/6742e0_d5744ce8d500434aa2930d76a3176a8e_mv2.jpg/v1/fill/w_133,h_188,al_c,q_80,usm_0.66_1.00_0.01,blur_2,enc_avif,quality_auto/AHL5_16b jpg.jpg]
[static.wixstatic.com/media/6742e0_5cd20a697eec4afe961ab06928688bd3_mv2.jpg/v1/fill/w_133,h_188,al_c,q_80,usm_0.66_1.00_0.01,blur_2,enc_avif,quality_auto/AHL5_17a jpg.jpg]
[static.wixstatic.com/media/6742e0_6f500c5858f64ad389ee2d75c16fadd8_mv2.jpg/v1/fill/w_133,h_188,al_c,q_80,usm_0.66_1.00_0.01,blur_2,enc_avif,quality_auto/AHL5_17b jpg.jpg]
[static.wixstatic.com/media/6742e0_f65c76e5bad74f05bf2c0b356e39009c_mv2.jpg/v1/fill/w_133,h_188,al_c,q_80,usm_0.66_1.00_0.01,blur_2,enc_avif,quality_auto/AHL5_18 jpg.jpg]
[www.mrmacmaths.com/a-i-calculus.html]
[www.mrmacmaths.com/videos.html]
[www.mrmacmaths.com/robots.txt]
[www.mrmacmaths.com/feed.html]
[www.mrmacmaths.com/decodeURIComponent(e.html]
